<?xml version="1.0" encoding="UTF-8"?>
<!-- Generated by org.testng.reporters.JUnitReportReporter -->
<testsuite skipped="0" hostname="DESKTOP-6TNDTKA" name="srt.javaproj.testCases.TC_Logintest_01" tests="1" failures="0" timestamp="28 Mar 2020 13:26:44 GMT" time="19.199" errors="0">
  <testcase name="loginTest" time="19.199" classname="srt.javaproj.testCases.TC_Logintest_01"/>
</testsuite> <!-- srt.javaproj.testCases.TC_Logintest_01 -->
